<?xml version='1.0' encoding='UTF-8'?>
<!DOCTYPE coverage SYSTEM 'http://cobertura.sourceforge.net/xml/coverage-04.dtd'>
<coverage version="TEST" line-rate="1.000000" branch-rate="1.000000" complexity="0.0" lines-valid="15" lines-covered="15" branches-valid="5" branches-covered="5" timestamp="0">
<sources>
<source>.</source>
</sources>
<packages>
<package name="WORK" line-rate="1.000000" branch-rate="1.000000" complexity="0.0">
<classes>
<class name="COVER33(TEST)" filename="cover33.vhd" line-rate="1.000000" branch-rate="1.000000" complexity="0.0" >
<methods/>
<lines>
<line number="14" hits="1" branch="false"/>
<line number="15" hits="4" branch="true" condition-coverage="100 %">
<conditions>
<condition number="0" type="jump" coverage="100 %"/>
</conditions>
</line>
<line number="16" hits="1" branch="false"/>
<line number="17" hits="3" branch="true" condition-coverage="100 %">
<conditions>
<condition number="0" type="jump" coverage="100 %"/>
</conditions>
</line>
<line number="18" hits="1" branch="false"/>
<line number="20" hits="2" branch="false"/>
<line number="23" hits="4" branch="false"/>
<line number="24" hits="1" branch="true" condition-coverage="100 %">
<conditions>
<condition number="0" type="jump" coverage="100 %"/>
</conditions>
</line>
<line number="25" hits="1" branch="false"/>
<line number="26" hits="2" branch="true" condition-coverage="100 %">
<conditions>
<condition number="0" type="jump" coverage="100 %"/>
</conditions>
</line>
<line number="27" hits="2" branch="false"/>
<line number="28" hits="1" branch="true" condition-coverage="100 %">
<conditions>
<condition number="0" type="jump" coverage="100 %"/>
</conditions>
</line>
<line number="29" hits="1" branch="false"/>
<line number="33" hits="1" branch="false"/>
<line number="34" hits="1" branch="false"/>
</lines>
</class>
</classes>
</package>
</packages>
</coverage>
